TN:
SF:/Users/dang/src/kbase/euk-support/thrift-js-binary-protocol/src/js/lib/thrift-transport-echo.js
FN:24,(anonymous_1)
FN:27,(anonymous_2)
FN:33,(anonymous_3)
FN:42,(anonymous_4)
FN:48,(anonymous_5)
FN:55,(anonymous_6)
FN:62,(anonymous_7)
FN:73,(anonymous_8)
FN:94,(anonymous_9)
FN:101,(anonymous_10)
FN:105,(anonymous_11)
FNF:11
FNH:6
FNDA:1,(anonymous_1)
FNDA:8,(anonymous_2)
FNDA:0,(anonymous_3)
FNDA:0,(anonymous_4)
FNDA:0,(anonymous_5)
FNDA:0,(anonymous_6)
FNDA:66,(anonymous_7)
FNDA:6,(anonymous_8)
FNDA:0,(anonymous_9)
FNDA:87,(anonymous_10)
FNDA:1,(anonymous_11)
DA:22,1
DA:27,1
DA:28,8
DA:29,8
DA:32,1
DA:43,0
DA:49,0
DA:50,0
DA:63,66
DA:64,66
DA:65,0
DA:68,66
DA:69,66
DA:71,66
DA:74,6
DA:76,6
DA:77,0
DA:82,6
DA:83,0
DA:87,6
DA:88,6
DA:95,0
DA:102,87
DA:103,87
DA:106,1
DA:110,1
LF:26
LH:19
BRDA:64,1,0,0
BRDA:64,1,1,66
BRDA:76,2,0,0
BRDA:76,2,1,6
BRDA:82,3,0,0
BRDA:82,3,1,6
BRF:6
BRH:3
end_of_record
TN:
SF:/Users/dang/src/kbase/euk-support/thrift-js-binary-protocol/src/js/lib/thrift-protocol-binary.js
FN:42,(anonymous_1)
FN:44,(anonymous_2)
FN:59,(anonymous_3)
FN:68,(anonymous_4)
FN:83,(anonymous_5)
FN:90,(anonymous_6)
FN:96,(anonymous_7)
FN:106,(anonymous_8)
FN:113,(anonymous_9)
FN:119,(anonymous_10)
FN:128,(anonymous_11)
FN:136,(anonymous_12)
FN:144,(anonymous_13)
FN:151,(anonymous_14)
FN:160,(anonymous_15)
FN:167,(anonymous_16)
FN:171,(anonymous_17)
FN:175,(anonymous_18)
FN:183,(anonymous_19)
FN:191,(anonymous_20)
FN:201,(anonymous_21)
FN:213,(anonymous_22)
FN:270,(anonymous_23)
FN:279,(anonymous_24)
FN:297,(anonymous_25)
FN:319,(anonymous_26)
FN:326,(anonymous_27)
FN:330,(anonymous_28)
FN:343,(anonymous_29)
FN:352,(anonymous_30)
FN:366,(anonymous_31)
FN:373,(anonymous_32)
FN:386,(anonymous_33)
FN:392,(anonymous_34)
FN:399,(anonymous_35)
FN:405,(anonymous_36)
FN:411,(anonymous_37)
FN:417,(anonymous_38)
FN:426,(anonymous_39)
FN:431,(anonymous_40)
FN:436,(anonymous_41)
FN:445,(anonymous_42)
FN:481,(anonymous_43)
FN:486,(anonymous_44)
FN:492,(anonymous_45)
FN:498,(anonymous_46)
FN:503,(anonymous_47)
FN:565,(anonymous_48)
FN:568,(anonymous_49)
FN:571,(anonymous_50)
FNF:50
FNH:43
FNDA:1,(anonymous_1)
FNDA:10,(anonymous_2)
FNDA:4,(anonymous_3)
FNDA:2,(anonymous_4)
FNDA:2,(anonymous_5)
FNDA:2,(anonymous_6)
FNDA:2,(anonymous_7)
FNDA:3,(anonymous_8)
FNDA:3,(anonymous_9)
FNDA:2,(anonymous_10)
FNDA:1,(anonymous_11)
FNDA:1,(anonymous_12)
FNDA:2,(anonymous_13)
FNDA:2,(anonymous_14)
FNDA:0,(anonymous_15)
FNDA:0,(anonymous_16)
FNDA:1,(anonymous_17)
FNDA:12,(anonymous_18)
FNDA:4,(anonymous_19)
FNDA:27,(anonymous_20)
FNDA:5,(anonymous_21)
FNDA:0,(anonymous_22)
FNDA:10,(anonymous_23)
FNDA:1,(anonymous_24)
FNDA:2,(anonymous_25)
FNDA:2,(anonymous_26)
FNDA:2,(anonymous_27)
FNDA:2,(anonymous_28)
FNDA:4,(anonymous_29)
FNDA:5,(anonymous_30)
FNDA:2,(anonymous_31)
FNDA:2,(anonymous_32)
FNDA:1,(anonymous_33)
FNDA:1,(anonymous_34)
FNDA:0,(anonymous_35)
FNDA:0,(anonymous_36)
FNDA:1,(anonymous_37)
FNDA:124,(anonymous_38)
FNDA:3,(anonymous_39)
FNDA:27,(anonymous_40)
FNDA:4,(anonymous_41)
FNDA:3,(anonymous_42)
FNDA:10,(anonymous_43)
FNDA:1,(anonymous_44)
FNDA:0,(anonymous_45)
FNDA:14,(anonymous_46)
FNDA:0,(anonymous_47)
FNDA:10,(anonymous_48)
FNDA:10,(anonymous_49)
FNDA:10,(anonymous_50)
DA:40,1
DA:44,1
DA:45,10
DA:46,10
DA:47,10
DA:50,10
DA:51,10
DA:54,1
DA:55,1
DA:56,1
DA:58,1
DA:60,4
DA:69,2
DA:70,0
DA:71,0
DA:72,0
DA:73,0
DA:75,2
DA:76,2
DA:77,2
DA:107,3
DA:108,3
DA:120,2
DA:129,1
DA:130,1
DA:131,1
DA:145,2
DA:146,2
DA:161,0
DA:162,0
DA:172,1
DA:176,12
DA:177,0
DA:179,12
DA:184,4
DA:185,0
DA:187,4
DA:188,4
DA:192,27
DA:193,0
DA:195,27
DA:196,27
DA:197,27
DA:198,27
DA:202,5
DA:203,0
DA:207,5
DA:208,5
DA:209,5
DA:210,5
DA:217,0
DA:218,0
DA:219,0
DA:221,0
DA:222,0
DA:223,0
DA:224,0
DA:225,0
DA:226,0
DA:227,0
DA:228,0
DA:229,0
DA:230,0
DA:231,0
DA:232,0
DA:233,0
DA:235,0
DA:236,0
DA:237,0
DA:238,0
DA:239,0
DA:240,0
DA:242,0
DA:243,0
DA:248,0
DA:249,0
DA:250,0
DA:251,0
DA:253,0
DA:254,0
DA:255,0
DA:257,0
DA:258,0
DA:259,0
DA:262,0
DA:263,0
DA:264,0
DA:271,10
DA:273,10
DA:274,10
DA:275,45
DA:280,1
DA:281,1
DA:298,2
DA:299,2
DA:300,2
DA:301,2
DA:302,0
DA:304,2
DA:305,2
DA:306,2
DA:307,2
DA:309,0
DA:310,0
DA:312,0
DA:313,0
DA:314,0
DA:315,0
DA:327,2
DA:344,4
DA:345,4
DA:346,2
DA:348,2
DA:353,5
DA:367,2
DA:368,2
DA:369,2
DA:370,2
DA:374,2
DA:387,1
DA:388,1
DA:389,1
DA:393,1
DA:400,0
DA:401,0
DA:402,0
DA:406,0
DA:412,1
DA:413,1
DA:418,124
DA:419,124
DA:420,3
DA:422,124
DA:427,3
DA:432,27
DA:439,4
DA:440,4
DA:441,4
DA:449,3
DA:450,3
DA:451,3
DA:453,3
DA:454,3
DA:455,24
DA:456,24
DA:457,192
DA:458,192
DA:461,3
DA:462,3
DA:464,3
DA:465,3
DA:466,3
DA:467,3
DA:469,3
DA:470,0
DA:471,3
DA:472,3
DA:473,0
DA:474,0
DA:476,0
DA:482,10
DA:484,10
DA:487,1
DA:488,1
DA:493,0
DA:494,0
DA:499,14
DA:504,0
DA:505,0
DA:507,0
DA:509,0
DA:511,0
DA:513,0
DA:515,0
DA:517,0
DA:519,0
DA:521,0
DA:523,0
DA:524,0
DA:525,0
DA:526,0
DA:527,0
DA:529,0
DA:530,0
DA:532,0
DA:533,0
DA:535,0
DA:536,0
DA:537,0
DA:538,0
DA:539,0
DA:542,0
DA:543,0
DA:545,0
DA:546,0
DA:548,0
DA:549,0
DA:550,0
DA:552,0
DA:553,0
DA:555,0
DA:556,0
DA:557,0
DA:559,0
DA:560,0
DA:566,10
DA:569,10
DA:578,10
DA:582,1
LF:209
LH:107
BRDA:46,1,0,0
BRDA:46,1,1,10
BRDA:47,2,0,0
BRDA:47,2,1,10
BRDA:69,3,0,0
BRDA:69,3,1,2
BRDA:172,4,0,1
BRDA:172,4,1,0
BRDA:176,5,0,0
BRDA:176,5,1,12
BRDA:176,6,0,12
BRDA:176,6,1,12
BRDA:184,7,0,0
BRDA:184,7,1,4
BRDA:184,8,0,4
BRDA:184,8,1,4
BRDA:192,9,0,0
BRDA:192,9,1,27
BRDA:192,10,0,27
BRDA:192,10,1,27
BRDA:202,11,0,0
BRDA:202,11,1,5
BRDA:202,12,0,5
BRDA:202,12,1,5
BRDA:222,13,0,0
BRDA:222,13,1,0
BRDA:226,14,0,0
BRDA:226,14,1,0
BRDA:226,15,0,0
BRDA:226,15,1,0
BRDA:229,16,0,0
BRDA:229,16,1,0
BRDA:230,17,0,0
BRDA:230,17,1,0
BRDA:233,18,0,0
BRDA:233,18,1,0
BRDA:237,19,0,0
BRDA:237,19,1,0
BRDA:250,20,0,0
BRDA:250,20,1,0
BRDA:254,21,0,0
BRDA:254,21,1,0
BRDA:257,22,0,0
BRDA:257,22,1,0
BRDA:300,23,0,2
BRDA:300,23,1,0
BRDA:301,24,0,0
BRDA:301,24,1,2
BRDA:309,25,0,0
BRDA:309,25,1,0
BRDA:345,26,0,2
BRDA:345,26,1,2
BRDA:419,27,0,3
BRDA:419,27,1,121
BRDA:457,28,0,13
BRDA:457,28,1,179
BRDA:465,29,0,0
BRDA:465,29,1,3
BRDA:469,30,0,0
BRDA:469,30,1,3
BRDA:470,31,0,0
BRDA:470,31,1,0
BRDA:471,32,0,3
BRDA:471,32,1,0
BRDA:473,33,0,0
BRDA:473,33,1,0
BRDA:505,34,0,0
BRDA:505,34,1,0
BRDA:505,34,2,0
BRDA:505,34,3,0
BRDA:505,34,4,0
BRDA:505,34,5,0
BRDA:505,34,6,0
BRDA:505,34,7,0
BRDA:505,34,8,0
BRDA:505,34,9,0
BRDA:505,34,10,0
BRDA:505,34,11,0
BRDA:526,35,0,0
BRDA:526,35,1,0
BRDA:537,36,0,0
BRDA:537,36,1,0
BRDA:538,37,0,0
BRDA:538,37,1,0
BRF:84
BRH:27
end_of_record
TN:
SF:/Users/dang/src/kbase/euk-support/thrift-js-binary-protocol/src/js/lib/thrift-core.js
FN:42,(anonymous_1)
FN:111,(anonymous_2)
FN:113,(anonymous_3)
FN:125,(anonymous_4)
FN:126,F
FN:140,(anonymous_6)
FN:150,(anonymous_7)
FN:191,(anonymous_8)
FN:201,(anonymous_9)
FN:243,(anonymous_10)
FN:267,(anonymous_11)
FN:273,(anonymous_12)
FN:302,(anonymous_13)
FNF:13
FNH:3
FNDA:1,(anonymous_1)
FNDA:0,(anonymous_2)
FNDA:0,(anonymous_3)
FNDA:2,(anonymous_4)
FNDA:2,F
FNDA:0,(anonymous_6)
FNDA:0,(anonymous_7)
FNDA:0,(anonymous_8)
FNDA:0,(anonymous_9)
FNDA:0,(anonymous_10)
FNDA:0,(anonymous_11)
FNDA:0,(anonymous_12)
FNDA:0,(anonymous_13)
DA:42,1
DA:44,1
DA:112,0
DA:113,0
DA:114,0
DA:116,0
DA:126,1
DA:127,2
DA:128,2
DA:129,2
DA:140,1
DA:141,0
DA:143,1
DA:150,1
DA:151,0
DA:169,1
DA:191,1
DA:192,0
DA:193,0
DA:195,1
DA:201,1
DA:202,0
DA:203,0
DA:205,0
DA:206,0
DA:209,0
DA:211,0
DA:213,0
DA:214,0
DA:215,0
DA:217,0
DA:219,0
DA:221,0
DA:222,0
DA:223,0
DA:225,0
DA:227,0
DA:229,0
DA:230,0
DA:233,0
DA:236,0
DA:243,1
DA:244,0
DA:246,0
DA:247,0
DA:248,0
DA:249,0
DA:252,0
DA:253,0
DA:254,0
DA:255,0
DA:258,0
DA:259,0
DA:267,1
DA:268,0
DA:271,1
DA:273,1
DA:275,0
DA:276,0
DA:279,0
DA:281,0
DA:282,0
DA:284,0
DA:286,0
DA:288,0
DA:289,0
DA:290,0
DA:291,0
DA:292,0
DA:293,0
DA:294,0
DA:296,0
DA:299,0
DA:302,1
DA:304,0
DA:305,0
DA:308,0
DA:310,0
DA:311,0
DA:313,0
DA:315,0
DA:317,0
DA:318,0
DA:319,0
DA:320,0
DA:321,0
DA:322,0
DA:323,0
DA:324,0
DA:326,0
DA:330,0
DA:333,1
DA:334,1
DA:338,1
LF:94
LH:21
BRDA:129,1,0,2
BRDA:129,1,1,0
BRDA:193,2,0,0
BRDA:193,2,1,0
BRDA:205,3,0,0
BRDA:205,3,1,0
BRDA:211,4,0,0
BRDA:211,4,1,0
BRDA:211,4,2,0
BRDA:213,5,0,0
BRDA:213,5,1,0
BRDA:221,6,0,0
BRDA:221,6,1,0
BRDA:246,7,0,0
BRDA:246,7,1,0
BRDA:252,8,0,0
BRDA:252,8,1,0
BRDA:275,9,0,0
BRDA:275,9,1,0
BRDA:281,10,0,0
BRDA:281,10,1,0
BRDA:291,11,0,0
BRDA:291,11,1,0
BRDA:293,12,0,0
BRDA:293,12,1,0
BRDA:293,13,0,0
BRDA:293,13,1,0
BRDA:304,14,0,0
BRDA:304,14,1,0
BRDA:310,15,0,0
BRDA:310,15,1,0
BRDA:319,16,0,0
BRDA:319,16,1,0
BRDA:321,17,0,0
BRDA:321,17,1,0
BRDA:323,18,0,0
BRDA:323,18,1,0
BRDA:323,19,0,0
BRDA:323,19,1,0
BRF:39
BRH:1
end_of_record
TN:
SF:/Users/dang/src/kbase/euk-support/thrift-js-binary-protocol/src/js/lib/thrift-transport-xhr.js
FN:25,(anonymous_1)
FN:28,TTransportError
FN:35,TXHRTransportError
FN:63,(anonymous_4)
FN:85,(anonymous_5)
FN:108,(anonymous_6)
FN:113,(anonymous_7)
FN:115,(anonymous_8)
FN:177,(anonymous_9)
FN:185,(anonymous_10)
FN:193,(anonymous_11)
FN:235,(anonymous_12)
FN:246,(anonymous_13)
FN:252,(anonymous_14)
FN:256,(anonymous_15)
FN:263,(anonymous_16)
FN:272,(anonymous_17)
FN:287,(anonymous_18)
FN:294,(anonymous_19)
FN:297,(anonymous_20)
FN:298,(anonymous_21)
FN:307,(anonymous_22)
FNF:22
FNH:10
FNDA:1,(anonymous_1)
FNDA:0,TTransportError
FNDA:0,TXHRTransportError
FNDA:2,(anonymous_4)
FNDA:2,(anonymous_5)
FNDA:2,(anonymous_6)
FNDA:2,(anonymous_7)
FNDA:2,(anonymous_8)
FNDA:0,(anonymous_9)
FNDA:0,(anonymous_10)
FNDA:0,(anonymous_11)
FNDA:2,(anonymous_12)
FNDA:0,(anonymous_13)
FNDA:0,(anonymous_14)
FNDA:0,(anonymous_15)
FNDA:58,(anonymous_16)
FNDA:8,(anonymous_17)
FNDA:0,(anonymous_18)
FNDA:86,(anonymous_19)
FNDA:0,(anonymous_20)
FNDA:0,(anonymous_21)
FNDA:0,(anonymous_22)
DA:22,1
DA:28,1
DA:29,0
DA:31,1
DA:32,1
DA:33,1
DA:35,1
DA:36,0
DA:37,0
DA:38,0
DA:39,0
DA:40,0
DA:41,0
DA:44,1
DA:45,1
DA:46,1
DA:63,1
DA:64,2
DA:65,2
DA:66,2
DA:67,2
DA:68,2
DA:69,2
DA:70,2
DA:71,2
DA:74,1
DA:109,2
DA:113,2
DA:114,2
DA:115,2
DA:116,2
DA:117,0
DA:122,0
DA:123,2
DA:124,0
DA:129,0
DA:130,2
DA:131,0
DA:136,0
DA:137,2
DA:138,0
DA:143,0
DA:144,2
DA:145,0
DA:150,0
DA:151,2
DA:152,0
DA:157,0
DA:158,2
DA:159,0
DA:164,0
DA:166,2
DA:168,2
DA:169,2
DA:170,2
DA:172,0
DA:173,0
DA:174,0
DA:177,2
DA:178,0
DA:185,2
DA:186,0
DA:193,2
DA:194,0
DA:203,2
DA:204,2
DA:205,2
DA:207,0
DA:215,2
DA:216,2
DA:217,2
DA:218,2
DA:219,2
DA:221,0
DA:236,2
DA:237,2
DA:238,2
DA:239,2
DA:247,0
DA:264,58
DA:265,58
DA:266,0
DA:268,58
DA:269,58
DA:270,58
DA:273,8
DA:274,8
DA:275,8
DA:276,8
DA:278,0
DA:279,0
DA:281,0
DA:288,0
DA:295,86
DA:298,0
DA:299,0
DA:308,0
DA:313,1
LF:98
LH:60
BRDA:67,1,0,2
BRDA:67,1,1,2
BRDA:68,2,0,2
BRDA:68,2,1,2
BRDA:110,3,0,2
BRDA:110,3,1,2
BRDA:116,4,0,0
BRDA:116,4,1,2
BRDA:123,5,0,0
BRDA:123,5,1,2
BRDA:130,6,0,0
BRDA:130,6,1,2
BRDA:137,7,0,0
BRDA:137,7,1,2
BRDA:144,8,0,0
BRDA:144,8,1,2
BRDA:144,9,0,2
BRDA:144,9,1,0
BRDA:151,10,0,0
BRDA:151,10,1,2
BRDA:158,11,0,0
BRDA:158,11,1,2
BRDA:265,12,0,0
BRDA:265,12,1,58
BRDA:274,13,0,8
BRDA:274,13,1,0
BRDA:278,14,0,0
BRDA:278,14,1,0
BRF:28
BRH:16
end_of_record
